INFO - 2024-12-05 11:07:11 --> Session: Class initialized using 'CodeIgniter\Session\Handlers\FileHandler' driver.
INFO - 2024-12-05 11:08:18 --> Session: Class initialized using 'CodeIgniter\Session\Handlers\FileHandler' driver.
INFO - 2024-12-05 11:12:51 --> Session: Class initialized using 'CodeIgniter\Session\Handlers\FileHandler' driver.
INFO - 2024-12-05 11:14:53 --> Session: Class initialized using 'CodeIgniter\Session\Handlers\FileHandler' driver.
INFO - 2024-12-05 11:17:08 --> Session: Class initialized using 'CodeIgniter\Session\Handlers\FileHandler' driver.
INFO - 2024-12-05 11:31:35 --> Session: Class initialized using 'CodeIgniter\Session\Handlers\FileHandler' driver.
ERROR - 2024-12-05 11:31:49 --> Error connecting to the database: mysqli_sql_exception: Unknown database 'tb_tellme2' in C:\Users\My ASUS\OneDrive\Documents\TUGAS BEsar KOmputasi\ilkom-22-paralel-2\TELL_ME\system\Database\MySQLi\Connection.php:186
Stack trace:
#0 C:\Users\My ASUS\OneDrive\Documents\TUGAS BEsar KOmputasi\ilkom-22-paralel-2\TELL_ME\system\Database\MySQLi\Connection.php(186): mysqli->real_connect('localhost', 'root', Object(SensitiveParameterValue), 'tb_tellme2', 3306, '', 0)
#1 C:\Users\My ASUS\OneDrive\Documents\TUGAS BEsar KOmputasi\ilkom-22-paralel-2\TELL_ME\system\Database\BaseConnection.php(421): CodeIgniter\Database\MySQLi\Connection->connect(false)
#2 C:\Users\My ASUS\OneDrive\Documents\TUGAS BEsar KOmputasi\ilkom-22-paralel-2\TELL_ME\system\Database\BaseConnection.php(616): CodeIgniter\Database\BaseConnection->initialize()
#3 C:\Users\My ASUS\OneDrive\Documents\TUGAS BEsar KOmputasi\ilkom-22-paralel-2\TELL_ME\system\Database\BaseBuilder.php(1644): CodeIgniter\Database\BaseConnection->query('SELECT 1\nFROM `...', Array, false)
#4 C:\Users\My ASUS\OneDrive\Documents\TUGAS BEsar KOmputasi\ilkom-22-paralel-2\TELL_ME\system\Validation\StrictRules\Rules.php(232): CodeIgniter\Database\BaseBuilder->get()
#5 C:\Users\My ASUS\OneDrive\Documents\TUGAS BEsar KOmputasi\ilkom-22-paralel-2\TELL_ME\system\Validation\Validation.php(339): CodeIgniter\Validation\StrictRules\Rules->is_unique('banufadel83@gma...', 'email', Array, NULL, 'email')
#6 C:\Users\My ASUS\OneDrive\Documents\TUGAS BEsar KOmputasi\ilkom-22-paralel-2\TELL_ME\system\Validation\Validation.php(204): CodeIgniter\Validation\Validation->processRules('email', 'email', 'banufadel83@gma...', Array, Array, 'email')
#7 C:\Users\My ASUS\OneDrive\Documents\TUGAS BEsar KOmputasi\ilkom-22-paralel-2\TELL_ME\system\Controller.php(137): CodeIgniter\Validation\Validation->run()
#8 C:\Users\My ASUS\OneDrive\Documents\TUGAS BEsar KOmputasi\ilkom-22-paralel-2\TELL_ME\app\Controllers\Auth.php(51): CodeIgniter\Controller->validate(Array)
#9 C:\Users\My ASUS\OneDrive\Documents\TUGAS BEsar KOmputasi\ilkom-22-paralel-2\TELL_ME\system\CodeIgniter.php(933): App\Controllers\Auth->save()
#10 C:\Users\My ASUS\OneDrive\Documents\TUGAS BEsar KOmputasi\ilkom-22-paralel-2\TELL_ME\system\CodeIgniter.php(509): CodeIgniter\CodeIgniter->runController(Object(App\Controllers\Auth))
#11 C:\Users\My ASUS\OneDrive\Documents\TUGAS BEsar KOmputasi\ilkom-22-paralel-2\TELL_ME\system\CodeIgniter.php(355): CodeIgniter\CodeIgniter->handleRequest(NULL, Object(Config\Cache), false)
#12 C:\Users\My ASUS\OneDrive\Documents\TUGAS BEsar KOmputasi\ilkom-22-paralel-2\TELL_ME\system\Boot.php(325): CodeIgniter\CodeIgniter->run()
#13 C:\Users\My ASUS\OneDrive\Documents\TUGAS BEsar KOmputasi\ilkom-22-paralel-2\TELL_ME\system\Boot.php(67): CodeIgniter\Boot::runCodeIgniter(Object(CodeIgniter\CodeIgniter))
#14 C:\Users\My ASUS\OneDrive\Documents\TUGAS BEsar KOmputasi\ilkom-22-paralel-2\TELL_ME\public\index.php(56): CodeIgniter\Boot::bootWeb(Object(Config\Paths))
#15 C:\Users\My ASUS\OneDrive\Documents\TUGAS BEsar KOmputasi\ilkom-22-paralel-2\TELL_ME\system\rewrite.php(44): require_once('C:\\Users\\My ASU...')
#16 {main}

Next CodeIgniter\Database\Exceptions\DatabaseException: Unknown database 'tb_tellme2' in C:\Users\My ASUS\OneDrive\Documents\TUGAS BEsar KOmputasi\ilkom-22-paralel-2\TELL_ME\system\Database\MySQLi\Connection.php:231
Stack trace:
#0 C:\Users\My ASUS\OneDrive\Documents\TUGAS BEsar KOmputasi\ilkom-22-paralel-2\TELL_ME\system\Database\BaseConnection.php(421): CodeIgniter\Database\MySQLi\Connection->connect(false)
#1 C:\Users\My ASUS\OneDrive\Documents\TUGAS BEsar KOmputasi\ilkom-22-paralel-2\TELL_ME\system\Database\BaseConnection.php(616): CodeIgniter\Database\BaseConnection->initialize()
#2 C:\Users\My ASUS\OneDrive\Documents\TUGAS BEsar KOmputasi\ilkom-22-paralel-2\TELL_ME\system\Database\BaseBuilder.php(1644): CodeIgniter\Database\BaseConnection->query('SELECT 1\nFROM `...', Array, false)
#3 C:\Users\My ASUS\OneDrive\Documents\TUGAS BEsar KOmputasi\ilkom-22-paralel-2\TELL_ME\system\Validation\StrictRules\Rules.php(232): CodeIgniter\Database\BaseBuilder->get()
#4 C:\Users\My ASUS\OneDrive\Documents\TUGAS BEsar KOmputasi\ilkom-22-paralel-2\TELL_ME\system\Validation\Validation.php(339): CodeIgniter\Validation\StrictRules\Rules->is_unique('banufadel83@gma...', 'email', Array, NULL, 'email')
#5 C:\Users\My ASUS\OneDrive\Documents\TUGAS BEsar KOmputasi\ilkom-22-paralel-2\TELL_ME\system\Validation\Validation.php(204): CodeIgniter\Validation\Validation->processRules('email', 'email', 'banufadel83@gma...', Array, Array, 'email')
#6 C:\Users\My ASUS\OneDrive\Documents\TUGAS BEsar KOmputasi\ilkom-22-paralel-2\TELL_ME\system\Controller.php(137): CodeIgniter\Validation\Validation->run()
#7 C:\Users\My ASUS\OneDrive\Documents\TUGAS BEsar KOmputasi\ilkom-22-paralel-2\TELL_ME\app\Controllers\Auth.php(51): CodeIgniter\Controller->validate(Array)
#8 C:\Users\My ASUS\OneDrive\Documents\TUGAS BEsar KOmputasi\ilkom-22-paralel-2\TELL_ME\system\CodeIgniter.php(933): App\Controllers\Auth->save()
#9 C:\Users\My ASUS\OneDrive\Documents\TUGAS BEsar KOmputasi\ilkom-22-paralel-2\TELL_ME\system\CodeIgniter.php(509): CodeIgniter\CodeIgniter->runController(Object(App\Controllers\Auth))
#10 C:\Users\My ASUS\OneDrive\Documents\TUGAS BEsar KOmputasi\ilkom-22-paralel-2\TELL_ME\system\CodeIgniter.php(355): CodeIgniter\CodeIgniter->handleRequest(NULL, Object(Config\Cache), false)
#11 C:\Users\My ASUS\OneDrive\Documents\TUGAS BEsar KOmputasi\ilkom-22-paralel-2\TELL_ME\system\Boot.php(325): CodeIgniter\CodeIgniter->run()
#12 C:\Users\My ASUS\OneDrive\Documents\TUGAS BEsar KOmputasi\ilkom-22-paralel-2\TELL_ME\system\Boot.php(67): CodeIgniter\Boot::runCodeIgniter(Object(CodeIgniter\CodeIgniter))
#13 C:\Users\My ASUS\OneDrive\Documents\TUGAS BEsar KOmputasi\ilkom-22-paralel-2\TELL_ME\public\index.php(56): CodeIgniter\Boot::bootWeb(Object(Config\Paths))
#14 C:\Users\My ASUS\OneDrive\Documents\TUGAS BEsar KOmputasi\ilkom-22-paralel-2\TELL_ME\system\rewrite.php(44): require_once('C:\\Users\\My ASU...')
#15 {main}
CRITICAL - 2024-12-05 11:31:49 --> CodeIgniter\Database\Exceptions\DatabaseException: Unable to connect to the database.
Main connection [MySQLi]: Unknown database 'tb_tellme2'
[Method: POST, Route: auth/save]
in SYSTEMPATH\Database\BaseConnection.php on line 467.
 1 SYSTEMPATH\Database\BaseConnection.php(616): CodeIgniter\Database\BaseConnection->initialize()
 2 SYSTEMPATH\Database\BaseBuilder.php(1644): CodeIgniter\Database\BaseConnection->query('SELECT 1
FROM `user`
WHERE `email` = :email:
 LIMIT 1', [...], false)
 3 SYSTEMPATH\Validation\StrictRules\Rules.php(232): CodeIgniter\Database\BaseBuilder->get()
 4 SYSTEMPATH\Validation\Validation.php(339): CodeIgniter\Validation\StrictRules\Rules->is_unique('banufadel83@gmail.com', 'email', [...], null, 'email')
 5 SYSTEMPATH\Validation\Validation.php(204): CodeIgniter\Validation\Validation->processRules('email', 'email', 'banufadel83@gmail.com', [...], [...], 'email')
 6 SYSTEMPATH\Controller.php(137): CodeIgniter\Validation\Validation->run()
 7 APPPATH\Controllers\Auth.php(51): CodeIgniter\Controller->validate([...])
 8 SYSTEMPATH\CodeIgniter.php(933): App\Controllers\Auth->save()
 9 SYSTEMPATH\CodeIgniter.php(509): CodeIgniter\CodeIgniter->runController(Object(App\Controllers\Auth))
10 SYSTEMPATH\CodeIgniter.php(355): CodeIgniter\CodeIgniter->handleRequest(null, Object(Config\Cache), false)
11 SYSTEMPATH\Boot.php(325): CodeIgniter\CodeIgniter->run()
12 SYSTEMPATH\Boot.php(67): CodeIgniter\Boot::runCodeIgniter(Object(CodeIgniter\CodeIgniter))
13 FCPATH\index.php(56): CodeIgniter\Boot::bootWeb(Object(Config\Paths))
14 SYSTEMPATH\rewrite.php(44): require_once('C:\\Users\\My ASUS\\OneDrive\\Documents\\TUGAS BEsar KOmputasi\\ilkom-22-paralel-2\\TELL_ME\\public\\index.php')
INFO - 2024-12-05 11:34:00 --> Session: Class initialized using 'CodeIgniter\Session\Handlers\FileHandler' driver.
INFO - 2024-12-05 11:34:12 --> Session: Class initialized using 'CodeIgniter\Session\Handlers\FileHandler' driver.
INFO - 2024-12-05 11:34:24 --> Session: Class initialized using 'CodeIgniter\Session\Handlers\FileHandler' driver.
INFO - 2024-12-05 11:34:25 --> Session: Class initialized using 'CodeIgniter\Session\Handlers\FileHandler' driver.
INFO - 2024-12-05 11:34:41 --> Session: Class initialized using 'CodeIgniter\Session\Handlers\FileHandler' driver.
INFO - 2024-12-05 12:19:23 --> Session: Class initialized using 'CodeIgniter\Session\Handlers\FileHandler' driver.
INFO - 2024-12-05 12:19:33 --> Session: Class initialized using 'CodeIgniter\Session\Handlers\FileHandler' driver.
INFO - 2024-12-05 12:19:46 --> Session: Class initialized using 'CodeIgniter\Session\Handlers\FileHandler' driver.
INFO - 2024-12-05 12:20:53 --> Session: Class initialized using 'CodeIgniter\Session\Handlers\FileHandler' driver.
INFO - 2024-12-05 12:49:42 --> Session: Class initialized using 'CodeIgniter\Session\Handlers\FileHandler' driver.
